#
# There is insufficient memory for the Java Runtime Environment to continue.
# Native memory allocation (malloc) failed to allocate 2298816 bytes for Chunk::new
# Possible reasons:
#   The system is out of physical RAM or swap space
#   The process is running with CompressedOops enabled, and the Java Heap may be blocking the growth of the native heap
# Possible solutions:
#   Reduce memory load on the system
#   Increase physical memory or swap space
#   Check if swap backing store is full
#   Decrease Java heap size (-Xmx/-Xms)
#   Decrease number of Java threads
#   Decrease Java thread stack sizes (-Xss)
#   Set larger code cache with -XX:ReservedCodeCacheSize=
#   JVM is running with Zero Based Compressed Oops mode in which the Java heap is
#     placed in the first 32GB address space. The Java Heap base address is the
#     maximum limit for the native heap growth. Please use -XX:HeapBaseMinAddress
#     to set the Java Heap base and to place the Java Heap above 32GB virtual address.
# This output file may be truncated or incomplete.
#
#  Out of Memory Error (allocation.cpp:389), pid=19116, tid=0x0000000000003460
#
# JRE version: Java(TM) SE Runtime Environment (8.0_221-b11) (build 1.8.0_221-b11)
# Java VM: Java HotSpot(TM) 64-Bit Server VM (25.221-b11 mixed mode windows-amd64 compressed oops)
# Failed to write core dump. Minidumps are not enabled by default on client versions of Windows
#

---------------  T H R E A D  ---------------

Current thread (0x000000001e751800):  JavaThread "C2 CompilerThread0" daemon [_thread_in_native, id=13408, stack(0x000000001ef30000,0x000000001f030000)]

Stack: [0x000000001ef30000,0x000000001f030000]
[error occurred during error reporting (printing stack bounds), id 0xc0000005]

Native frames: (J=compiled Java code, j=interpreted, Vv=VM code, C=native code)


Current CompileTask:
C2:  43903 16559       4       org.springframework.asm.ClassReader::readCode (3619 bytes)


---------------  P R O C E S S  ---------------

Java Threads: ( => current thread )
  0x00000000230a7000 JavaThread "Transaction Reaper Worker 0" daemon [_thread_blocked, id=18948, stack(0x000000002bb00000,0x000000002bc00000)]
  0x00000000230a6800 JavaThread "Transaction Reaper" daemon [_thread_blocked, id=14944, stack(0x000000002ba00000,0x000000002bb00000)]
  0x00000000230a4000 JavaThread "Listener:7654" daemon [_thread_in_native, id=16644, stack(0x000000002b900000,0x000000002ba00000)]
  0x00000000230a9800 JavaThread "Periodic Recovery" [_thread_blocked, id=1492, stack(0x000000002a590000,0x000000002a690000)]
  0x0000000022a64000 JavaThread "Transaction Expired Entry Monitor" daemon [_thread_blocked, id=15808, stack(0x000000002a490000,0x000000002a590000)]
  0x0000000022a62800 JavaThread "container-0" [_thread_blocked, id=8252, stack(0x000000002a390000,0x000000002a490000)]
  0x0000000022a68000 JavaThread "ContainerBackgroundProcessor[StandardEngine[Tomcat]]" daemon [_thread_blocked, id=8796, stack(0x000000002a290000,0x000000002a390000)]
  0x0000000022a68800 JavaThread "GC Daemon" daemon [_thread_blocked, id=17736, stack(0x0000000028c40000,0x0000000028d40000)]
  0x0000000022a65800 JavaThread "main" [_thread_in_native, id=15124, stack(0x00000000234b0000,0x00000000235b0000)]
  0x000000001e7de800 JavaThread "Service Thread" daemon [_thread_blocked, id=10300, stack(0x000000001f330000,0x000000001f430000)]
  0x000000001e75b800 JavaThread "C1 CompilerThread3" daemon [_thread_blocked, id=1640, stack(0x000000001f230000,0x000000001f330000)]
  0x000000001e756800 JavaThread "C2 CompilerThread2" daemon [_thread_in_native, id=16392, stack(0x000000001f130000,0x000000001f230000)]
  0x000000001e753800 JavaThread "C2 CompilerThread1" daemon [_thread_in_native, id=10948, stack(0x000000001f030000,0x000000001f130000)]
=>0x000000001e751800 JavaThread "C2 CompilerThread0" daemon [_thread_in_native, id=13408, stack(0x000000001ef30000,0x000000001f030000)]
  0x000000001e74f000 JavaThread "Attach Listener" daemon [_thread_blocked, id=17024, stack(0x000000001ee30000,0x000000001ef30000)]
  0x000000001e6fd000 JavaThread "Signal Dispatcher" daemon [_thread_blocked, id=6760, stack(0x000000001ed30000,0x000000001ee30000)]
  0x0000000002ed9800 JavaThread "Finalizer" daemon [_thread_blocked, id=18300, stack(0x000000001ebc0000,0x000000001ecc0000)]
  0x000000001e6e0800 JavaThread "Reference Handler" daemon [_thread_blocked, id=6364, stack(0x000000001eac0000,0x000000001ebc0000)]
  0x0000000002de3800 JavaThread "main" [_thread_blocked, id=14184, stack(0x0000000002ce0000,0x0000000002de0000)]

Other Threads:
  0x000000001c8e7800 VMThread [stack: 0x000000001e5c0000,0x000000001e6c0000] [id=16128]
  0x000000001e824000 WatcherThread [stack: 0x000000001f430000,0x000000001f530000] [id=11612]

VM state:not at safepoint (normal execution)

VM Mutex/Monitor currently owned by a thread: None

heap address: 0x00000006c1e00000, size: 4066 MB, Compressed Oops mode: Zero based, Oop shift amount: 3
Narrow klass base: 0x0000000000000000, Narrow klass shift: 3
Compressed class space size: 1073741824 Address: 0x00000007c0000000

Heap:
 PSYoungGen      total 952320K, used 312039K [0x000000076b500000, 0x00000007a9a80000, 0x00000007c0000000)
  eden space 886784K, 27% used [0x000000076b500000,0x000000077a5ba258,0x00000007a1700000)
  from space 65536K, 99% used [0x00000007a1700000,0x00000007a56ffd78,0x00000007a5700000)
  to   space 61952K, 0% used [0x00000007a5700000,0x00000007a5700000,0x00000007a9380000)
 ParOldGen       total 628736K, used 216880K [0x00000006c1e00000, 0x00000006e8400000, 0x000000076b500000)
  object space 628736K, 34% used [0x00000006c1e00000,0x00000006cf1cc2d0,0x00000006e8400000)
 Metaspace       used 156734K, capacity 158551K, committed 159144K, reserved 1187840K
  class space    used 20523K, capacity 21167K, committed 21168K, reserved 1048576K

Card table byte_map: [0x00000000122a0000,0x0000000012aa0000] byte_map_base: 0x000000000ec91000

Marking Bits: (ParMarkBitMap*) 0x0000000065b75ce0
 Begin Bits: [0x00000000137f0000, 0x0000000017778000)
 End Bits:   [0x0000000017778000, 0x000000001b700000)

Polling page: 0x00000000010d0000

CodeCache: size=245760Kb used=51114Kb max_used=51494Kb free=194645Kb
 bounds [0x0000000002ee0000, 0x00000000061a0000, 0x0000000011ee0000]
 total_blobs=14192 nmethods=13450 adapters=653
 compilation: enabled

Compilation events (10 events):
Event: 43.835 Thread 0x000000001e75b800 16706       3       org.springframework.context.support.PostProcessorRegistrationDelegate$BeanPostProcessorChecker::postProcessAfterInitialization (95 bytes)
Event: 43.836 Thread 0x000000001e75b800 nmethod 16706 0x0000000005c20150 code [0x0000000005c20420, 0x0000000005c21958]
Event: 43.836 Thread 0x000000001e75b800 16707       3       org.springframework.beans.factory.support.AbstractBeanFactory::getBean (9 bytes)
Event: 43.836 Thread 0x000000001e75b800 nmethod 16707 0x00000000045652d0 code [0x0000000004565440, 0x0000000004565668]
Event: 43.838 Thread 0x000000001e75b800 16708       3       org.springframework.asm.MethodVisitor::visitLookupSwitchInsn (18 bytes)
Event: 43.838 Thread 0x000000001e75b800 nmethod 16708 0x0000000004b65090 code [0x0000000004b65200, 0x0000000004b65468]
Event: 43.850 Thread 0x000000001e75b800 16709   !   3       java.util.ResourceBundle::findBundle (334 bytes)
Event: 43.851 Thread 0x000000001e75b800 nmethod 16709 0x0000000005c73f50 code [0x0000000005c74300, 0x0000000005c76738]
Event: 43.865 Thread 0x000000001e756800 nmethod 16636% 0x0000000004a11d90 code [0x0000000004a12060, 0x0000000004a13eb0]
Event: 43.865 Thread 0x000000001e756800 16662       4       org.springframework.core.annotation.AnnotationUtils::postProcessAnnotationAttributes (461 bytes)

GC Heap History (10 events):
Event: 24.002 GC heap before
{Heap before GC invocations=17 (full 3):
 PSYoungGen      total 826368K, used 717630K [0x000000076b500000, 0x00000007a5300000, 0x00000007c0000000)
  eden space 768000K, 89% used [0x000000076b500000,0x0000000795593cb0,0x000000079a300000)
  from space 58368K, 49% used [0x000000079a300000,0x000000079bf3be80,0x000000079dc00000)
  to   space 55296K, 0% used [0x00000007a1d00000,0x00000007a1d00000,0x00000007a5300000)
 ParOldGen       total 435712K, used 135320K [0x00000006c1e00000, 0x00000006dc780000, 0x000000076b500000)
  object space 435712K, 31% used [0x00000006c1e00000,0x00000006ca2262a0,0x00000006dc780000)
 Metaspace       used 96898K, capacity 97988K, committed 98600K, reserved 1136640K
  class space    used 11953K, capacity 12287K, committed 12336K, reserved 1048576K
Event: 24.049 GC heap after
Heap after GC invocations=17 (full 3):
 PSYoungGen      total 885760K, used 53881K [0x000000076b500000, 0x00000007a5b80000, 0x00000007c0000000)
  eden space 830464K, 0% used [0x000000076b500000,0x000000076b500000,0x000000079e000000)
  from space 55296K, 97% used [0x00000007a1d00000,0x00000007a519e6a8,0x00000007a5300000)
  to   space 62464K, 0% used [0x000000079e000000,0x000000079e000000,0x00000007a1d00000)
 ParOldGen       total 435712K, used 135328K [0x00000006c1e00000, 0x00000006dc780000, 0x000000076b500000)
  object space 435712K, 31% used [0x00000006c1e00000,0x00000006ca2282a0,0x00000006dc780000)
 Metaspace       used 96898K, capacity 97988K, committed 98600K, reserved 1136640K
  class space    used 11953K, capacity 12287K, committed 12336K, reserved 1048576K
}
Event: 24.049 GC heap before
{Heap before GC invocations=18 (full 4):
 PSYoungGen      total 885760K, used 53881K [0x000000076b500000, 0x00000007a5b80000, 0x00000007c0000000)
  eden space 830464K, 0% used [0x000000076b500000,0x000000076b500000,0x000000079e000000)
  from space 55296K, 97% used [0x00000007a1d00000,0x00000007a519e6a8,0x00000007a5300000)
  to   space 62464K, 0% used [0x000000079e000000,0x000000079e000000,0x00000007a1d00000)
 ParOldGen       total 435712K, used 135328K [0x00000006c1e00000, 0x00000006dc780000, 0x000000076b500000)
  object space 435712K, 31% used [0x00000006c1e00000,0x00000006ca2282a0,0x00000006dc780000)
 Metaspace       used 96898K, capacity 97988K, committed 98600K, reserved 1136640K
  class space    used 11953K, capacity 12287K, committed 12336K, reserved 1048576K
Event: 24.566 GC heap after
Heap after GC invocations=18 (full 4):
 PSYoungGen      total 885760K, used 0K [0x000000076b500000, 0x00000007a5b80000, 0x00000007c0000000)
  eden space 830464K, 0% used [0x000000076b500000,0x000000076b500000,0x000000079e000000)
  from space 55296K, 0% used [0x00000007a1d00000,0x00000007a1d00000,0x00000007a5300000)
  to   space 62464K, 0% used [0x000000079e000000,0x000000079e000000,0x00000007a1d00000)
 ParOldGen       total 628736K, used 185111K [0x00000006c1e00000, 0x00000006e8400000, 0x000000076b500000)
  object space 628736K, 29% used [0x00000006c1e00000,0x00000006cd2c5f00,0x00000006e8400000)
 Metaspace       used 96898K, capacity 97988K, committed 98600K, reserved 1136640K
  class space    used 11953K, capacity 12287K, committed 12336K, reserved 1048576K
}
Event: 36.377 GC heap before
{Heap before GC invocations=19 (full 4):
 PSYoungGen      total 885760K, used 830464K [0x000000076b500000, 0x00000007a5b80000, 0x00000007c0000000)
  eden space 830464K, 100% used [0x000000076b500000,0x000000079e000000,0x000000079e000000)
  from space 55296K, 0% used [0x00000007a1d00000,0x00000007a1d00000,0x00000007a5300000)
  to   space 62464K, 0% used [0x000000079e000000,0x000000079e000000,0x00000007a1d00000)
 ParOldGen       total 628736K, used 185111K [0x00000006c1e00000, 0x00000006e8400000, 0x000000076b500000)
  object space 628736K, 29% used [0x00000006c1e00000,0x00000006cd2c5f00,0x00000006e8400000)
 Metaspace       used 117332K, capacity 119105K, committed 119720K, reserved 1153024K
  class space    used 14562K, capacity 15208K, committed 15280K, reserved 1048576K
Event: 36.399 GC heap after
Heap after GC invocations=19 (full 4):
 PSYoungGen      total 892928K, used 38635K [0x000000076b500000, 0x00000007a9380000, 0x00000007c0000000)
  eden space 830464K, 0% used [0x000000076b500000,0x000000076b500000,0x000000079e000000)
  from space 62464K, 61% used [0x000000079e000000,0x00000007a05badd8,0x00000007a1d00000)
  to   space 61952K, 0% used [0x00000007a5700000,0x00000007a5700000,0x00000007a9380000)
 ParOldGen       total 628736K, used 185119K [0x00000006c1e00000, 0x00000006e8400000, 0x000000076b500000)
  object space 628736K, 29% used [0x00000006c1e00000,0x00000006cd2c7f00,0x00000006e8400000)
 Metaspace       used 117332K, capacity 119105K, committed 119720K, reserved 1153024K
  class space    used 14562K, capacity 15208K, committed 15280K, reserved 1048576K
}
Event: 39.055 GC heap before
{Heap before GC invocations=20 (full 4):
 PSYoungGen      total 892928K, used 869099K [0x000000076b500000, 0x00000007a9380000, 0x00000007c0000000)
  eden space 830464K, 100% used [0x000000076b500000,0x000000079e000000,0x000000079e000000)
  from space 62464K, 61% used [0x000000079e000000,0x00000007a05badd8,0x00000007a1d00000)
  to   space 61952K, 0% used [0x00000007a5700000,0x00000007a5700000,0x00000007a9380000)
 ParOldGen       total 628736K, used 185119K [0x00000006c1e00000, 0x00000006e8400000, 0x000000076b500000)
  object space 628736K, 29% used [0x00000006c1e00000,0x00000006cd2c7f00,0x00000006e8400000)
 Metaspace       used 140644K, capacity 142369K, committed 143016K, reserved 1173504K
  class space    used 18167K, capacity 18824K, committed 18864K, reserved 1048576K
Event: 39.083 GC heap after
Heap after GC invocations=20 (full 4):
 PSYoungGen      total 948736K, used 48706K [0x000000076b500000, 0x00000007a9a80000, 0x00000007c0000000)
  eden space 886784K, 0% used [0x000000076b500000,0x000000076b500000,0x00000007a1700000)
  from space 61952K, 78% used [0x00000007a5700000,0x00000007a8690888,0x00000007a9380000)
  to   space 65536K, 0% used [0x00000007a1700000,0x00000007a1700000,0x00000007a5700000)
 ParOldGen       total 628736K, used 185127K [0x00000006c1e00000, 0x00000006e8400000, 0x000000076b500000)
  object space 628736K, 29% used [0x00000006c1e00000,0x00000006cd2c9f00,0x00000006e8400000)
 Metaspace       used 140644K, capacity 142369K, committed 143016K, reserved 1173504K
  class space    used 18167K, capacity 18824K, committed 18864K, reserved 1048576K
}
Event: 42.578 GC heap before
{Heap before GC invocations=21 (full 4):
 PSYoungGen      total 948736K, used 935490K [0x000000076b500000, 0x00000007a9a80000, 0x00000007c0000000)
  eden space 886784K, 100% used [0x000000076b500000,0x00000007a1700000,0x00000007a1700000)
  from space 61952K, 78% used [0x00000007a5700000,0x00000007a8690888,0x00000007a9380000)
  to   space 65536K, 0% used [0x00000007a1700000,0x00000007a1700000,0x00000007a5700000)
 ParOldGen       total 628736K, used 185127K [0x00000006c1e00000, 0x00000006e8400000, 0x000000076b500000)
  object space 628736K, 29% used [0x00000006c1e00000,0x00000006cd2c9f00,0x00000006e8400000)
 Metaspace       used 154060K, capacity 155851K, committed 156456K, reserved 1185792K
  class space    used 20123K, capacity 20781K, committed 20784K, reserved 1048576K
Event: 42.634 GC heap after
Heap after GC invocations=21 (full 4):
 PSYoungGen      total 952320K, used 65535K [0x000000076b500000, 0x00000007a9a80000, 0x00000007c0000000)
  eden space 886784K, 0% used [0x000000076b500000,0x000000076b500000,0x00000007a1700000)
  from space 65536K, 99% used [0x00000007a1700000,0x00000007a56ffd78,0x00000007a5700000)
  to   space 61952K, 0% used [0x00000007a5700000,0x00000007a5700000,0x00000007a9380000)
 ParOldGen       total 628736K, used 216880K [0x00000006c1e00000, 0x00000006e8400000, 0x000000076b500000)
  object space 628736K, 34% used [0x00000006c1e00000,0x00000006cf1cc2d0,0x00000006e8400000)
 Metaspace       used 154060K, capacity 155851K, committed 156456K, reserved 1185792K
  class space    used 20123K, capacity 20781K, committed 20784K, reserved 1048576K
}

Deoptimization events (10 events):
Event: 42.461 Thread 0x0000000022a65800 Uncommon trap: reason=range_check action=make_not_entrant pc=0x0000000004554840 method=java.lang.String.charAt(I)C @ 27
Event: 42.462 Thread 0x0000000022a65800 Uncommon trap: reason=unstable_if action=reinterpret pc=0x00000000047173ac method=org.springframework.asm.MethodWriter.visitMethodInsn(ILjava/lang/String;Ljava/lang/String;Ljava/lang/String;Z)V @ 37
Event: 43.043 Thread 0x0000000022a65800 Uncommon trap: reason=null_check action=make_not_entrant pc=0x0000000006149638 method=org.springframework.core.annotation.AnnotatedElementUtils.searchWithFindSemantics(Ljava/lang/reflect/AnnotatedElement;Ljava/lang/Class;Ljava/lang/String;Ljava/lang/Class
Event: 43.419 Thread 0x0000000022a65800 Uncommon trap: reason=unstable_if action=reinterpret pc=0x0000000004b8e900 method=sun.reflect.generics.reflectiveObjects.WildcardTypeImpl.getLowerBounds()[Ljava/lang/reflect/Type; @ 23
Event: 43.460 Thread 0x0000000022a65800 Uncommon trap: reason=unstable_if action=reinterpret pc=0x000000000536b898 method=sun.reflect.generics.reflectiveObjects.WildcardTypeImpl.getLowerBounds()[Ljava/lang/reflect/Type; @ 23
Event: 43.629 Thread 0x0000000022a65800 Uncommon trap: reason=class_check action=maybe_recompile pc=0x0000000006052bc4 method=org.springframework.core.annotation.AnnotationUtils.postProcessAnnotationAttributes(Ljava/lang/Object;Lorg/springframework/core/annotation/AnnotationAttributes;ZZ)V @ 10
Event: 43.639 Thread 0x0000000022a65800 Uncommon trap: reason=class_check action=maybe_recompile pc=0x0000000006052bc4 method=org.springframework.core.annotation.AnnotationUtils.postProcessAnnotationAttributes(Ljava/lang/Object;Lorg/springframework/core/annotation/AnnotationAttributes;ZZ)V @ 10
Event: 43.640 Thread 0x0000000022a65800 Uncommon trap: reason=class_check action=maybe_recompile pc=0x0000000006052bc4 method=org.springframework.core.annotation.AnnotationUtils.postProcessAnnotationAttributes(Ljava/lang/Object;Lorg/springframework/core/annotation/AnnotationAttributes;ZZ)V @ 10
Event: 43.640 Thread 0x0000000022a65800 Uncommon trap: reason=class_check action=maybe_recompile pc=0x0000000006052bc4 method=org.springframework.core.annotation.AnnotationUtils.postProcessAnnotationAttributes(Ljava/lang/Object;Lorg/springframework/core/annotation/AnnotationAttributes;ZZ)V @ 10
Event: 43.709 Thread 0x0000000022a65800 Uncommon trap: reason=unstable_if action=reinterpret pc=0x0000000006138698 method=org.springframework.util.StringUtils.collectionToDelimitedString(Ljava/util/Collection;Ljava/lang/String;Ljava/lang/String;Ljava/lang/String;)Ljava/lang/String; @ 4

Classes redefined (0 events):
No events

Internal exceptions (10 events):
Event: 43.833 Thread 0x0000000022a65800 Exception <a 'java/lang/ClassNotFoundException': me/snowdrop/boot/narayana/autoconfigure/NarayanaConfiguration$NarayanaJmsConfigurationCustomizer> (0x0000000778cbee58) thrown at [C:\re\workspace\8-2-build-windows-amd64-cygwin\jdk8u221\13320\hotspot\src\sh
Event: 43.834 Thread 0x0000000022a65800 Exception <a 'java/lang/ClassNotFoundException': me/snowdrop/boot/narayana/autoconfigure/NarayanaConfiguration$NarayanaJmsConfiguration$$EnhancerBySpringCGLIB$$f191c5dbCustomizer> (0x0000000778d49750) thrown at [C:\re\workspace\8-2-build-windows-amd64-cyg
Event: 43.835 Thread 0x0000000022a65800 Exception <a 'java/lang/ClassNotFoundException': org/springframework/context/annotation/ConfigurationClassEnhancer$EnhancedConfigurationCustomizer> (0x0000000778dbce48) thrown at [C:\re\workspace\8-2-build-windows-amd64-cygwin\jdk8u221\13320\hotspot\src\s
Event: 43.840 Thread 0x0000000022a65800 Exception <a 'java/lang/ClassNotFoundException': java/lang/ObjectCustomizer> (0x0000000778e6b140) thrown at [C:\re\workspace\8-2-build-windows-amd64-cygwin\jdk8u221\13320\hotspot\src\share\vm\classfile\systemDictionary.cpp, line 210]
Event: 43.841 Thread 0x0000000022a65800 Exception <a 'java/lang/ClassNotFoundException': me/snowdrop/boot/narayana/core/jms/NarayanaXAConnectionFactoryWrapperCustomizer> (0x0000000778ecaaa0) thrown at [C:\re\workspace\8-2-build-windows-amd64-cygwin\jdk8u221\13320\hotspot\src\share\vm\classfile\
Event: 43.841 Thread 0x0000000022a65800 Exception <a 'java/lang/ClassNotFoundException': org/springframework/boot/jta/XAConnectionFactoryWrapperCustomizer> (0x0000000778f1bbf8) thrown at [C:\re\workspace\8-2-build-windows-amd64-cygwin\jdk8u221\13320\hotspot\src\share\vm\classfile\systemDictiona
Event: 43.842 Thread 0x0000000022a65800 Exception <a 'java/lang/ClassNotFoundException': java/lang/ObjectCustomizer> (0x0000000778f38470) thrown at [C:\re\workspace\8-2-build-windows-amd64-cygwin\jdk8u221\13320\hotspot\src\share\vm\classfile\systemDictionary.cpp, line 210]
Event: 43.843 Thread 0x0000000022a65800 Exception <a 'java/lang/ClassNotFoundException': org/apache/cxf/spring/boot/autoconfigure/CxfAutoConfiguration$SpringBusConfigurationCustomizer> (0x0000000778fa4f00) thrown at [C:\re\workspace\8-2-build-windows-amd64-cygwin\jdk8u221\13320\hotspot\src\shar
Event: 43.844 Thread 0x0000000022a65800 Exception <a 'java/lang/ClassNotFoundException': org/apache/cxf/spring/boot/autoconfigure/CxfAutoConfiguration$SpringBusConfiguration$$EnhancerBySpringCGLIB$$a7350487Customizer> (0x000000077902c7c0) thrown at [C:\re\workspace\8-2-build-windows-amd64-cygwi
Event: 43.844 Thread 0x0000000022a65800 Exception <a 'java/lang/ClassNotFoundException': org/springframework/context/annotation/ConfigurationClassEnhancer$EnhancedConfigurationCustomizer> (0x000000077909e040) thrown at [C:\re\workspace\8-2-build-windows-amd64-cygwin\jdk8u221\13320\hotspot\src\s

Events (10 events):
Event: 43.865 loading class org/apache/cxf/bus/extension/Messages
Event: 43.865 loading class org/apache/cxf/bus/extension/Messages done
Event: 43.866 loading class org/apache/cxf/bus/extension/Messages_zh
Event: 43.866 loading class org/apache/cxf/bus/extension/Messages_zh done
Event: 43.867 loading class org/apache/cxf/bus/extension/Messages_zh_CN
Event: 43.867 loading class org/apache/cxf/bus/extension/Messages_zh_CN done
Event: 43.868 loading class org/apache/cxf/bus/extension/Messages_zh_Hans
Event: 43.868 loading class org/apache/cxf/bus/extension/Messages_zh_Hans done
Event: 43.868 loading class org/apache/cxf/bus/extension/Messages_zh_Hans_CN
Event: 43.868 loading class org/apache/cxf/bus/extension/Messages_zh_Hans_CN done


Dynamic libraries:
0x00007ff6d09c0000 - 0x00007ff6d09f7000 	D:\Program Files\Java\jdk1.8.0_221\bin\java.exe
0x00007ffcecf40000 - 0x00007ffced12d000 	C:\WINDOWS\SYSTEM32\ntdll.dll
0x00007ffceb5c0000 - 0x00007ffceb673000 	C:\WINDOWS\System32\KERNEL32.DLL
0x00007ffce9e20000 - 0x00007ffcea0b3000 	C:\WINDOWS\System32\KERNELBASE.dll
0x00007ffcea1d0000 - 0x00007ffcea273000 	C:\WINDOWS\System32\ADVAPI32.dll
0x00007ffcea930000 - 0x00007ffcea9ce000 	C:\WINDOWS\System32\msvcrt.dll
0x00007ffceaf90000 - 0x00007ffceb02e000 	C:\WINDOWS\System32\sechost.dll
0x00007ffcea9d0000 - 0x00007ffceaaf2000 	C:\WINDOWS\System32\RPCRT4.dll
0x00007ffcecd00000 - 0x00007ffcece97000 	C:\WINDOWS\System32\USER32.dll
0x00007ffce9010000 - 0x00007ffce9030000 	C:\WINDOWS\System32\win32u.dll
0x00007ffcea850000 - 0x00007ffcea879000 	C:\WINDOWS\System32\GDI32.dll
0x00007ffce98e0000 - 0x00007ffce9a7a000 	C:\WINDOWS\System32\gdi32full.dll
0x00007ffce9d50000 - 0x00007ffce9df0000 	C:\WINDOWS\System32\msvcp_win.dll
0x00007ffce9090000 - 0x00007ffce918a000 	C:\WINDOWS\System32\ucrtbase.dll
0x00007ffcd4450000 - 0x00007ffcd46c9000 	C:\WINDOWS\WinSxS\amd64_microsoft.windows.common-controls_6595b64144ccf1df_6.0.17763.529_none_05b84068071c8d5a\COMCTL32.dll
0x00007ffcea520000 - 0x00007ffcea84c000 	C:\WINDOWS\System32\combase.dll
0x00007ffce9a80000 - 0x00007ffce9afe000 	C:\WINDOWS\System32\bcryptPrimitives.dll
0x00007ffcea900000 - 0x00007ffcea92e000 	C:\WINDOWS\System32\IMM32.DLL
0x0000000065c00000 - 0x0000000065cd2000 	D:\Program Files\Java\jdk1.8.0_221\jre\bin\msvcr100.dll
0x0000000065350000 - 0x0000000065bf5000 	D:\Program Files\Java\jdk1.8.0_221\jre\bin\server\jvm.dll
0x00007ffcea340000 - 0x00007ffcea348000 	C:\WINDOWS\System32\PSAPI.DLL
0x00007ffcd15b0000 - 0x00007ffcd15b9000 	C:\WINDOWS\SYSTEM32\WSOCK32.dll
0x00007ffce39c0000 - 0x00007ffce39ca000 	C:\WINDOWS\SYSTEM32\VERSION.dll
0x00007ffcded90000 - 0x00007ffcdedb4000 	C:\WINDOWS\SYSTEM32\WINMM.dll
0x00007ffcecea0000 - 0x00007ffcecf0d000 	C:\WINDOWS\System32\WS2_32.dll
0x00007ffcded60000 - 0x00007ffcded8d000 	C:\WINDOWS\SYSTEM32\winmmbase.dll
0x00007ffce9d00000 - 0x00007ffce9d4a000 	C:\WINDOWS\System32\cfgmgr32.dll
0x00007ffce4910000 - 0x00007ffce491f000 	D:\Program Files\Java\jdk1.8.0_221\jre\bin\verify.dll
0x00007ffce0660000 - 0x00007ffce0689000 	D:\Program Files\Java\jdk1.8.0_221\jre\bin\java.dll
0x00007ffce0640000 - 0x00007ffce0656000 	D:\Program Files\Java\jdk1.8.0_221\jre\bin\zip.dll
0x00007ffceb700000 - 0x00007ffcecbf0000 	C:\WINDOWS\System32\SHELL32.dll
0x00007ffcea290000 - 0x00007ffcea338000 	C:\WINDOWS\System32\shcore.dll
0x00007ffce9190000 - 0x00007ffce98da000 	C:\WINDOWS\System32\windows.storage.dll
0x00007ffce8fc0000 - 0x00007ffce8fe4000 	C:\WINDOWS\System32\profapi.dll
0x00007ffce8f40000 - 0x00007ffce8f9d000 	C:\WINDOWS\System32\powrprof.dll
0x00007ffceb260000 - 0x00007ffceb2b2000 	C:\WINDOWS\System32\shlwapi.dll
0x00007ffce8fa0000 - 0x00007ffce8fb1000 	C:\WINDOWS\System32\kernel.appcore.dll
0x00007ffce9b00000 - 0x00007ffce9b17000 	C:\WINDOWS\System32\cryptsp.dll
0x00007ffce33b0000 - 0x00007ffce33ba000 	D:\Program Files\apache-maven-3.6.1\lib\jansi-native\windows64\jansi.dll
0x00007ffce0620000 - 0x00007ffce063a000 	D:\Program Files\Java\jdk1.8.0_221\jre\bin\net.dll
0x00007ffcd9600000 - 0x00007ffcd97d7000 	C:\WINDOWS\SYSTEM32\urlmon.dll
0x00007ffcd76f0000 - 0x00007ffcd7998000 	C:\WINDOWS\SYSTEM32\iertutil.dll
0x00007ffce8920000 - 0x00007ffce892c000 	C:\WINDOWS\SYSTEM32\CRYPTBASE.DLL
0x00007ffce8750000 - 0x00007ffce87b7000 	C:\WINDOWS\system32\mswsock.dll
0x00007ffce0600000 - 0x00007ffce0612000 	D:\Program Files\Java\jdk1.8.0_221\jre\bin\nio.dll
0x00007ffce05f0000 - 0x00007ffce05fd000 	D:\Program Files\Java\jdk1.8.0_221\jre\bin\management.dll
0x00007ffcd2ba0000 - 0x00007ffcd2bb6000 	C:\WINDOWS\system32\napinsp.dll
0x00007ffcd2500000 - 0x00007ffcd251a000 	C:\WINDOWS\system32\pnrpnsp.dll
0x00007ffce84f0000 - 0x00007ffce85b6000 	C:\WINDOWS\SYSTEM32\DNSAPI.dll
0x00007ffcea280000 - 0x00007ffcea288000 	C:\WINDOWS\System32\NSI.dll
0x00007ffce84b0000 - 0x00007ffce84ed000 	C:\WINDOWS\SYSTEM32\IPHLPAPI.DLL
0x00007ffcd24f0000 - 0x00007ffcd24fe000 	C:\WINDOWS\System32\winrnr.dll
0x00007ffcdfdc0000 - 0x00007ffcdfddb000 	C:\WINDOWS\system32\NLAapi.dll
0x00007ffce1c30000 - 0x00007ffce1c45000 	C:\WINDOWS\system32\wshbth.dll
0x00007ffcd9800000 - 0x00007ffcd997a000 	C:\Program Files (x86)\Sangfor\SSL\ClientComponent\2_SangforTcpX64.dll
0x00007ffceb030000 - 0x00007ffceb185000 	C:\WINDOWS\System32\ole32.dll
0x00007ffceb190000 - 0x00007ffceb254000 	C:\WINDOWS\System32\OLEAUT32.dll
0x00007ffce9030000 - 0x00007ffce9089000 	C:\WINDOWS\System32\WINTRUST.dll
0x00007ffce8ff0000 - 0x00007ffce9002000 	C:\WINDOWS\System32\MSASN1.dll
0x00007ffce9b20000 - 0x00007ffce9cfb000 	C:\WINDOWS\System32\CRYPT32.dll
0x00007ffce5520000 - 0x00007ffce552a000 	C:\Windows\System32\rasadhlp.dll
0x00007ffcdf340000 - 0x00007ffcdf3b9000 	C:\WINDOWS\System32\fwpuclnt.dll
0x00007ffce9df0000 - 0x00007ffce9e16000 	C:\WINDOWS\System32\bcrypt.dll
0x00007ffcc5e60000 - 0x00007ffcc5e84000 	D:\Program Files\Java\jdk1.8.0_221\jre\bin\sunec.dll
0x00007ffcdfe90000 - 0x00007ffcdfe9b000 	D:\Program Files\Java\jdk1.8.0_221\jre\bin\sunmscapi.dll
0x00007ffce82b0000 - 0x00007ffce82e3000 	C:\WINDOWS\system32\rsaenh.dll
0x00007ffce8dd0000 - 0x00007ffce8df8000 	C:\WINDOWS\SYSTEM32\USERENV.dll
0x00007ffcdfc40000 - 0x00007ffcdfc56000 	C:\WINDOWS\SYSTEM32\dhcpcsvc6.DLL
0x00007ffcdfc20000 - 0x00007ffcdfc3c000 	C:\WINDOWS\SYSTEM32\dhcpcsvc.DLL

VM Arguments:
jvm_args: -Dclassworlds.conf=D:\Program Files\apache-maven-3.6.1\bin\..\bin\m2.conf -Dmaven.home=D:\Program Files\apache-maven-3.6.1\bin\.. -Dlibrary.jansi.path=D:\Program Files\apache-maven-3.6.1\bin\..\lib\jansi-native -Dmaven.multiModuleProjectDirectory=D:\share_folder\travelRecommender\travel_recommender_service 
java_command: org.codehaus.plexus.classworlds.launcher.Launcher clean spring-boot:run
java_class_path (initial): D:\Program Files\apache-maven-3.6.1\bin\..\boot\plexus-classworlds-2.6.0.jar
Launcher Type: SUN_STANDARD

Environment Variables:
JAVA_HOME=D:\Program Files\Java\jdk1.8.0_221
USERNAME=akimo
OS=Windows_NT
PROCESSOR_IDENTIFIER=Intel64 Family 6 Model 158 Stepping 10, GenuineIntel



---------------  S Y S T E M  ---------------

OS: Windows 10.0 , 64 bit Build 17763 (10.0.17763.475)

CPU:total 8 (initial active 8) (4 cores per cpu, 2 threads per core) family 6 model 158 stepping 10, cmov, cx8, fxsr, mmx, sse, sse2, sse3, ssse3, sse4.1, sse4.2, popcnt, avx, avx2, aes, clmul, erms, 3dnowpref, lzcnt, ht, tsc, tscinvbit, bmi1, bmi2, adx

Memory: 4k page, physical 16648500k(3093576k free), swap 16648500k(6520k free)

vm_info: Java HotSpot(TM) 64-Bit Server VM (25.221-b11) for windows-amd64 JRE (1.8.0_221-b11), built on Jul  4 2019 04:39:29 by "java_re" with MS VC++ 10.0 (VS2010)

time: Fri Sep 20 10:31:06 2019
timezone: 中国标准时间
elapsed time: 43 seconds (0d 0h 0m 43s)

